==============================================================================
Out3                                                                          
==============================================================================
Out3.Config                                                                   
==============================================================================
Out3.Config.Fabric                                                            
==============================================================================
Out3.Config.Fabric.Extranet :: Verify Fabric Extranet Policies in Catalyst ...
==============================================================================
Get Extranet Policies                                                 | PASS |
------------------------------------------------------------------------------
Get Fabric Sites Data                                                 | PASS |
------------------------------------------------------------------------------
Out3.Config.Fabric.Extranet :: Verify Fabric Extranet Policies in ... | PASS |
2 tests, 2 passed, 0 failed
==============================================================================
Out3.Config.Fabric                                                    | PASS |
2 tests, 2 passed, 0 failed
==============================================================================
Out3.Config                                                           | PASS |
2 tests, 2 passed, 0 failed
==============================================================================
Out3                                                                  | PASS |
2 tests, 2 passed, 0 failed
==============================================================================
Output:  /Users/oboehmer/Documents/DD/nac-test/workspace/catc/out3/pabot_results/3/output.xml
