==============================================================================
Out                                                                           
==============================================================================
Out.Tests                                                                     
==============================================================================
Out.Tests.Robot                                                               
==============================================================================
Out.Tests.Robot.Config                                                        
==============================================================================
Out.Tests.Robot.Config.Fabric                                                 
==============================================================================
Out.Tests.Robot.Config.Fabric.L3 Virtual Networks :: Verify L3 Virtual Netw...
==============================================================================
Get Fabric Zones                                                      | PASS |
------------------------------------------------------------------------------
Get L3 Virtual Networks                                               | PASS |
------------------------------------------------------------------------------
Verify L3 Virtual Networks for Fabric Site Global/Poland/Krakow       Validating L3 virtual networks for fabric site Global/Poland/Krakow
Fabric site ID: 3cf026bd-f2c6-45a1-ae4c-b327f7e29e4a
L3 Virtual Network BYOD associated with fabric site Global/Poland/Krakow
L3 Virtual Network Guest associated with fabric site Global/Poland/Krakow
L3 Virtual Network Printers associated with fabric site Global/Poland/Krakow
L3 Virtual Network Campus associated with fabric site Global/Poland/Krakow
L3 virtual networks validation completed for fabric site Global/Poland/Krakow
| PASS |
------------------------------------------------------------------------------
Verify L3 Virtual Networks for Fabric Site Global/Poland/Warsaw       Validating L3 virtual networks for fabric site Global/Poland/Warsaw
Fabric site ID: 40f5ed97-a778-4d00-b6f1-eb3816fd476d
L3 Virtual Network BYOD associated with fabric site Global/Poland/Warsaw
L3 Virtual Network Guest associated with fabric site Global/Poland/Warsaw
L3 Virtual Network Printers associated with fabric site Global/Poland/Warsaw
L3 Virtual Network Campus associated with fabric site Global/Poland/Warsaw
L3 virtual networks validation completed for fabric site Global/Poland/Warsaw
| PASS |
------------------------------------------------------------------------------
Out.Tests.Robot.Config.Fabric.L3 Virtual Networks :: Verify L3 Vir... | PASS |
4 tests, 4 passed, 0 failed
==============================================================================
Out.Tests.Robot.Config.Fabric                                         | PASS |
4 tests, 4 passed, 0 failed
==============================================================================
Out.Tests.Robot.Config                                                | PASS |
4 tests, 4 passed, 0 failed
==============================================================================
Out.Tests.Robot                                                       | PASS |
4 tests, 4 passed, 0 failed
==============================================================================
Out.Tests                                                             | PASS |
4 tests, 4 passed, 0 failed
==============================================================================
Out                                                                   | PASS |
4 tests, 4 passed, 0 failed
==============================================================================
Output:  /Users/oboehmer/Documents/DD/nac-test/workspace/catc/out/pabot_results/19/output.xml
