==============================================================================
Out3                                                                          
==============================================================================
Out3.Robot                                                                    
==============================================================================
Out3.Robot.Config                                                             
==============================================================================
Out3.Robot.Config.Fail                                                        
==============================================================================
Fail a test                                                             
  Traceback (most recent call last):
    ~~~~~~~~~~~~~~~~~~~~~~~~~~~~~~~~~~~~~~~~~~~~~~~~~~~~~~~~~~~~~~~~~~~~~~~~~~
    File  /Users/oboehmer/Documents/DD/nac-test/workspace/catc/out3/robot/config/fail.robot:2
    T:  Fail a test    
    ~~~~~~~~~~~~~~~~~~~~~~~~~~~~~~~~~~~~~~~~~~~~~~~~~~~~~~~~~~~~~~~~~~~~~~~~~~
    File  /Users/oboehmer/Documents/DD/nac-test/workspace/catc/out3/robot/config/fail.robot:3
      Fail    This test is designed to fail.
______________________________________________________________________________
| FAIL |
This test is designed to fail.
------------------------------------------------------------------------------
Out3.Robot.Config.Fail                                                | FAIL |
1 test, 0 passed, 1 failed
==============================================================================
Out3.Robot.Config                                                     | FAIL |
1 test, 0 passed, 1 failed
==============================================================================
Out3.Robot                                                            | FAIL |
1 test, 0 passed, 1 failed
==============================================================================
Out3                                                                  | FAIL |
1 test, 0 passed, 1 failed
==============================================================================
Output:  /Users/oboehmer/Documents/DD/nac-test/workspace/catc/out3/pabot_results/12/output.xml
