==============================================================================
Out                                                                           
==============================================================================
Out.Robot                                                                     
==============================================================================
Out.Robot.Config                                                              
==============================================================================
Out.Robot.Config.Fabric                                                       
==============================================================================
Out.Robot.Config.Fabric.Anycast Gateways :: Verify Anycast Gateways Configu...
==============================================================================
Check Anycast Gateways Configuration in Data Model                    | PASS |
------------------------------------------------------------------------------
Get Anycast Gateways                                                  Anycast Gateways API Response: {'response': [{'id': '32fd2ee7-e2a6-41c7-8c66-613aaeff85b7', 'fabricId': '3cf026bd-f2c6-45a1-ae4c-b327f7e29e4a', 'virtualNetworkName': 'Printers', 'ipPoolName': 'PrintersVN-IPPool', 'vlanName': '192_168_102_0-Printers', 'vlanId': 1024, 'trafficType': 'DATA', 'isCriticalPool': False, 'isLayer2FloodingEnabled': False, 'isWirelessPool': False, 'isIpDirectedBroadcast': False, 'isIntraSubnetRoutingEnabled': False, 'isMultipleIpToMacAddresses': False, 'isSupplicantBasedExtendedNodeOnboarding': False, 'isGroupBasedPolicyEnforcementEnabled': True}, {'id': '33af9964-1c0c-488e-8195-3e9284e5b56d', 'fabricId': '3cf026bd-f2c6-45a1-ae4c-b327f7e29e4a', 'virtualNetworkName': 'Campus', 'ipPoolName': 'CampusVN-IPPool', 'vlanName': '192_168_100_0-Campus', 'vlanId': 1023, 'trafficType': 'DATA', 'isCriticalPool': False, 'isLayer2FloodingEnabled': False, 'isWirelessPool': False, 'isIpDirectedBroadcast': False, 'isIntraSubnetRoutingEnabled': False, 'isMultipleIpToMacAddresses': False, 'isSupplicantBasedExtendedNodeOnboarding': False, 'isGroupBasedPolicyEnforcementEnabled': True}, {'id': '64456756-64ce-4a2a-b2bf-27e188463676', 'fabricId': '40f5ed97-a778-4d00-b6f1-eb3816fd476d', 'virtualNetworkName': 'Guest', 'ipPoolName': 'GuestVN2-IPPool', 'vlanName': '192_168_201_0-Guest', 'vlanId': 1021, 'trafficType': 'DATA', 'isCriticalPool': False, 'isLayer2FloodingEnabled': False, 'isWirelessPool': False, 'isIpDirectedBroadcast': False, 'isIntraSubnetRoutingEnabled': False, 'isMultipleIpToMacAddresses': False, 'isSupplicantBasedExtendedNodeOnboarding': False, 'isGroupBasedPolicyEnforcementEnabled': True}, {'id': '838d4eb7-9668-4319-9cf6-384caa06f08e', 'fabricId': '3cf026bd-f2c6-45a1-ae4c-b327f7e29e4a', 'virtualNetworkName': 'Guest', 'ipPoolName': 'GuestVN-IPPool', 'vlanName': '192_168_101_0-Guest', 'vlanId': 1021, 'trafficType': 'DATA', 'isCriticalPool': False, 'isLayer2FloodingEnabled': False, 'isWirelessPool': False, 'isIpDirectedBroadcast': False, 'isIntraSubnetRoutingEnabled': False, 'isMultipleIpToMacAddresses': False, 'isSupplicantBasedExtendedNodeOnboarding': False, 'isGroupBasedPolicyEnforcementEnabled': True}, {'id': '8c81dd63-26f5-4fe6-8e6b-1b66431a2463', 'fabricId': '40f5ed97-a778-4d00-b6f1-eb3816fd476d', 'virtualNetworkName': 'Printers', 'ipPoolName': 'PrintersVN2-IPPool', 'vlanName': '192_168_202_0-Printers', 'vlanId': 1024, 'trafficType': 'DATA', 'isCriticalPool': False, 'isLayer2FloodingEnabled': False, 'isWirelessPool': False, 'isIpDirectedBroadcast': False, 'isIntraSubnetRoutingEnabled': False, 'isMultipleIpToMacAddresses': False, 'isSupplicantBasedExtendedNodeOnboarding': False, 'isGroupBasedPolicyEnforcementEnabled': True}, {'id': 'a6f4e902-02cc-4c0e-9620-f3f994f125c2', 'fabricId': '3cf026bd-f2c6-45a1-ae4c-b327f7e29e4a', 'virtualNetworkName': 'BYOD', 'ipPoolName': 'BYOD-IPPool', 'vlanName': '192_168_103_0-BYOD', 'vlanId': 1022, 'trafficType': 'DATA', 'isCriticalPool': False, 'isLayer2FloodingEnabled': False, 'isWirelessPool': False, 'isIpDirectedBroadcast': False, 'isIntraSubnetRoutingEnabled': False, 'isMultipleIpToMacAddresses': False, 'isSupplicantBasedExtendedNodeOnboarding': False, 'isGroupBasedPolicyEnforcementEnabled': True}, {'id': 'f360f617-80a0-45cc-b809-04946c17d092', 'fabricId': '40f5ed97-a778-4d00-b6f1-eb3816fd476d', 'virtualNetworkName': 'Campus', 'ipPoolName': 'CampusVN2-IPPool', 'vlanName': '192_168_200_0-Campus', 'vlanId': 1023, 'trafficType': 'DATA', 'isCriticalPool': False, 'isLayer2FloodingEnabled': False, 'isWirelessPool': False, 'isIpDirectedBroadcast': False, 'isIntraSubnetRoutingEnabled': False, 'isMultipleIpToMacAddresses': False, 'isSupplicantBasedExtendedNodeOnboarding': False, 'isGroupBasedPolicyEnforcementEnabled': True}, {'id': 'fb89adae-bc25-417e-8ec4-5499580af177', 'fabricId': '40f5ed97-a778-4d00-b6f1-eb3816fd476d', 'virtualNetworkName': 'BYOD', 'ipPoolName': 'BYOD2-IPPool', 'vlanName': '192_168_203_0-BYOD', 'vlanId': 1022, 'trafficType': 'DATA', 'isCriticalPool': False, 'isLayer2FloodingEnabled': False, 'isWirelessPool': False, 'isIpDirectedBroadcast': False, 'isIntraSubnetRoutingEnabled': False, 'isMultipleIpToMacAddresses': False, 'isSupplicantBasedExtendedNodeOnboarding': False, 'isGroupBasedPolicyEnforcementEnabled': True}], 'version': '1.0'}
| PASS |
------------------------------------------------------------------------------
Verify Anycast Gateways for Fabric Site Global/Poland/Krakow          Site data: [{'id': '07e53493-19df-406f-a72e-042e957884c5', 'parentId': '8c0655bc-9f72-4082-83cd-3260c3be5fef', 'name': 'Krakow', 'nameHierarchy': 'Global/Poland/Krakow', 'type': 'area'}]
Site ID for Global/Poland/Krakow: 07e53493-19df-406f-a72e-042e957884c5
Fabric data: [{'id': '3cf026bd-f2c6-45a1-ae4c-b327f7e29e4a', 'siteId': '07e53493-19df-406f-a72e-042e957884c5', 'authenticationProfileName': 'No Authentication', 'isPubSubEnabled': True}]
Fabric ID for Global/Poland/Krakow: 3cf026bd-f2c6-45a1-ae4c-b327f7e29e4a
Gateway data for fabric 3cf026bd-f2c6-45a1-ae4c-b327f7e29e4a: [{'id': '32fd2ee7-e2a6-41c7-8c66-613aaeff85b7', 'fabricId': '3cf026bd-f2c6-45a1-ae4c-b327f7e29e4a', 'virtualNetworkName': 'Printers', 'ipPoolName': 'PrintersVN-IPPool', 'vlanName': '192_168_102_0-Printers', 'vlanId': 1024, 'trafficType': 'DATA', 'isCriticalPool': False, 'isLayer2FloodingEnabled': False, 'isWirelessPool': False, 'isIpDirectedBroadcast': False, 'isIntraSubnetRoutingEnabled': False, 'isMultipleIpToMacAddresses': False, 'isSupplicantBasedExtendedNodeOnboarding': False, 'isGroupBasedPolicyEnforcementEnabled': True}, {'id': '33af9964-1c0c-488e-8195-3e9284e5b56d', 'fabricId': '3cf026bd-f2c6-45a1-ae4c-b327f7e29e4a', 'virtualNetworkName': 'Campus', 'ipPoolName': 'CampusVN-IPPool', 'vlanName': '192_168_100_0-Campus', 'vlanId': 1023, 'trafficType': 'DATA', 'isCriticalPool': False, 'isLayer2FloodingEnabled': False, 'isWirelessPool': False, 'isIpDirectedBroadcast': False, 'isIntraSubnetRoutingEnabled': False, 'isMultipleIpToMacAddresses': False, 'isSupplicantBasedExtendedNodeOnboarding': False, 'isGroupBasedPolicyEnforcementEnabled': True}, {'id': '838d4eb7-9668-4319-9cf6-384caa06f08e', 'fabricId': '3cf026bd-f2c6-45a1-ae4c-b327f7e29e4a', 'virtualNetworkName': 'Guest', 'ipPoolName': 'GuestVN-IPPool', 'vlanName': '192_168_101_0-Guest', 'vlanId': 1021, 'trafficType': 'DATA', 'isCriticalPool': False, 'isLayer2FloodingEnabled': False, 'isWirelessPool': False, 'isIpDirectedBroadcast': False, 'isIntraSubnetRoutingEnabled': False, 'isMultipleIpToMacAddresses': False, 'isSupplicantBasedExtendedNodeOnboarding': False, 'isGroupBasedPolicyEnforcementEnabled': True}, {'id': 'a6f4e902-02cc-4c0e-9620-f3f994f125c2', 'fabricId': '3cf026bd-f2c6-45a1-ae4c-b327f7e29e4a', 'virtualNetworkName': 'BYOD', 'ipPoolName': 'BYOD-IPPool', 'vlanName': '192_168_103_0-BYOD', 'vlanId': 1022, 'trafficType': 'DATA', 'isCriticalPool': False, 'isLayer2FloodingEnabled': False, 'isWirelessPool': False, 'isIpDirectedBroadcast': False, 'isIntraSubnetRoutingEnabled': False, 'isMultipleIpToMacAddresses': False, 'isSupplicantBasedExtendedNodeOnboarding': False, 'isGroupBasedPolicyEnforcementEnabled': True}]
| PASS |
------------------------------------------------------------------------------
Validate CampusVN-IPPool                                              Extracted Gateway Entry: {'id': '33af9964-1c0c-488e-8195-3e9284e5b56d', 'fabricId': '3cf026bd-f2c6-45a1-ae4c-b327f7e29e4a', 'virtualNetworkName': 'Campus', 'ipPoolName': 'CampusVN-IPPool', 'vlanName': '192_168_100_0-Campus', 'vlanId': 1023, 'trafficType': 'DATA', 'isCriticalPool': False, 'isLayer2FloodingEnabled': False, 'isWirelessPool': False, 'isIpDirectedBroadcast': False, 'isIntraSubnetRoutingEnabled': False, 'isMultipleIpToMacAddresses': False, 'isSupplicantBasedExtendedNodeOnboarding': False, 'isGroupBasedPolicyEnforcementEnabled': True}
Skipping VLAN name validation as auto_generate_vlan_name is enabled for CampusVN-IPPool
Validated standard pool attributes for CampusVN-IPPool
| PASS |
------------------------------------------------------------------------------
Validate GuestVN-IPPool                                               Extracted Gateway Entry: {'id': '838d4eb7-9668-4319-9cf6-384caa06f08e', 'fabricId': '3cf026bd-f2c6-45a1-ae4c-b327f7e29e4a', 'virtualNetworkName': 'Guest', 'ipPoolName': 'GuestVN-IPPool', 'vlanName': '192_168_101_0-Guest', 'vlanId': 1021, 'trafficType': 'DATA', 'isCriticalPool': False, 'isLayer2FloodingEnabled': False, 'isWirelessPool': False, 'isIpDirectedBroadcast': False, 'isIntraSubnetRoutingEnabled': False, 'isMultipleIpToMacAddresses': False, 'isSupplicantBasedExtendedNodeOnboarding': False, 'isGroupBasedPolicyEnforcementEnabled': True}
Skipping VLAN name validation as auto_generate_vlan_name is enabled for GuestVN-IPPool
Validated standard pool attributes for GuestVN-IPPool
| PASS |
------------------------------------------------------------------------------
Validate BYOD-IPPool                                                  Extracted Gateway Entry: {'id': 'a6f4e902-02cc-4c0e-9620-f3f994f125c2', 'fabricId': '3cf026bd-f2c6-45a1-ae4c-b327f7e29e4a', 'virtualNetworkName': 'BYOD', 'ipPoolName': 'BYOD-IPPool', 'vlanName': '192_168_103_0-BYOD', 'vlanId': 1022, 'trafficType': 'DATA', 'isCriticalPool': False, 'isLayer2FloodingEnabled': False, 'isWirelessPool': False, 'isIpDirectedBroadcast': False, 'isIntraSubnetRoutingEnabled': False, 'isMultipleIpToMacAddresses': False, 'isSupplicantBasedExtendedNodeOnboarding': False, 'isGroupBasedPolicyEnforcementEnabled': True}
Skipping VLAN name validation as auto_generate_vlan_name is enabled for BYOD-IPPool
Validated standard pool attributes for BYOD-IPPool
| PASS |
------------------------------------------------------------------------------
Validate PrintersVN-IPPool                                            Extracted Gateway Entry: {'id': '32fd2ee7-e2a6-41c7-8c66-613aaeff85b7', 'fabricId': '3cf026bd-f2c6-45a1-ae4c-b327f7e29e4a', 'virtualNetworkName': 'Printers', 'ipPoolName': 'PrintersVN-IPPool', 'vlanName': '192_168_102_0-Printers', 'vlanId': 1024, 'trafficType': 'DATA', 'isCriticalPool': False, 'isLayer2FloodingEnabled': False, 'isWirelessPool': False, 'isIpDirectedBroadcast': False, 'isIntraSubnetRoutingEnabled': False, 'isMultipleIpToMacAddresses': False, 'isSupplicantBasedExtendedNodeOnboarding': False, 'isGroupBasedPolicyEnforcementEnabled': True}
Skipping VLAN name validation as auto_generate_vlan_name is enabled for PrintersVN-IPPool
Validated standard pool attributes for PrintersVN-IPPool
| PASS |
------------------------------------------------------------------------------
Verify Anycast Gateways for Fabric Site Global/Poland/Warsaw          Site data: [{'id': 'b531ca39-6e99-4c7f-8dde-392f543eeaa0', 'parentId': '8c0655bc-9f72-4082-83cd-3260c3be5fef', 'name': 'Warsaw', 'nameHierarchy': 'Global/Poland/Warsaw', 'type': 'area'}]
Site ID for Global/Poland/Warsaw: b531ca39-6e99-4c7f-8dde-392f543eeaa0
Fabric data: [{'id': '40f5ed97-a778-4d00-b6f1-eb3816fd476d', 'siteId': 'b531ca39-6e99-4c7f-8dde-392f543eeaa0', 'authenticationProfileName': 'Closed Authentication', 'isPubSubEnabled': True}]
Fabric ID for Global/Poland/Warsaw: 40f5ed97-a778-4d00-b6f1-eb3816fd476d
Gateway data for fabric 40f5ed97-a778-4d00-b6f1-eb3816fd476d: [{'id': '64456756-64ce-4a2a-b2bf-27e188463676', 'fabricId': '40f5ed97-a778-4d00-b6f1-eb3816fd476d', 'virtualNetworkName': 'Guest', 'ipPoolName': 'GuestVN2-IPPool', 'vlanName': '192_168_201_0-Guest', 'vlanId': 1021, 'trafficType': 'DATA', 'isCriticalPool': False, 'isLayer2FloodingEnabled': False, 'isWirelessPool': False, 'isIpDirectedBroadcast': False, 'isIntraSubnetRoutingEnabled': False, 'isMultipleIpToMacAddresses': False, 'isSupplicantBasedExtendedNodeOnboarding': False, 'isGroupBasedPolicyEnforcementEnabled': True}, {'id': '8c81dd63-26f5-4fe6-8e6b-1b66431a2463', 'fabricId': '40f5ed97-a778-4d00-b6f1-eb3816fd476d', 'virtualNetworkName': 'Printers', 'ipPoolName': 'PrintersVN2-IPPool', 'vlanName': '192_168_202_0-Printers', 'vlanId': 1024, 'trafficType': 'DATA', 'isCriticalPool': False, 'isLayer2FloodingEnabled': False, 'isWirelessPool': False, 'isIpDirectedBroadcast': False, 'isIntraSubnetRoutingEnabled': False, 'isMultipleIpToMacAddresses': False, 'isSupplicantBasedExtendedNodeOnboarding': False, 'isGroupBasedPolicyEnforcementEnabled': True}, {'id': 'f360f617-80a0-45cc-b809-04946c17d092', 'fabricId': '40f5ed97-a778-4d00-b6f1-eb3816fd476d', 'virtualNetworkName': 'Campus', 'ipPoolName': 'CampusVN2-IPPool', 'vlanName': '192_168_200_0-Campus', 'vlanId': 1023, 'trafficType': 'DATA', 'isCriticalPool': False, 'isLayer2FloodingEnabled': False, 'isWirelessPool': False, 'isIpDirectedBroadcast': False, 'isIntraSubnetRoutingEnabled': False, 'isMultipleIpToMacAddresses': False, 'isSupplicantBasedExtendedNodeOnboarding': False, 'isGroupBasedPolicyEnforcementEnabled': True}, {'id': 'fb89adae-bc25-417e-8ec4-5499580af177', 'fabricId': '40f5ed97-a778-4d00-b6f1-eb3816fd476d', 'virtualNetworkName': 'BYOD', 'ipPoolName': 'BYOD2-IPPool', 'vlanName': '192_168_203_0-BYOD', 'vlanId': 1022, 'trafficType': 'DATA', 'isCriticalPool': False, 'isLayer2FloodingEnabled': False, 'isWirelessPool': False, 'isIpDirectedBroadcast': False, 'isIntraSubnetRoutingEnabled': False, 'isMultipleIpToMacAddresses': False, 'isSupplicantBasedExtendedNodeOnboarding': False, 'isGroupBasedPolicyEnforcementEnabled': True}]
| PASS |
------------------------------------------------------------------------------
Validate CampusVN2-IPPool                                             Extracted Gateway Entry: {'id': 'f360f617-80a0-45cc-b809-04946c17d092', 'fabricId': '40f5ed97-a778-4d00-b6f1-eb3816fd476d', 'virtualNetworkName': 'Campus', 'ipPoolName': 'CampusVN2-IPPool', 'vlanName': '192_168_200_0-Campus', 'vlanId': 1023, 'trafficType': 'DATA', 'isCriticalPool': False, 'isLayer2FloodingEnabled': False, 'isWirelessPool': False, 'isIpDirectedBroadcast': False, 'isIntraSubnetRoutingEnabled': False, 'isMultipleIpToMacAddresses': False, 'isSupplicantBasedExtendedNodeOnboarding': False, 'isGroupBasedPolicyEnforcementEnabled': True}
Skipping VLAN name validation as auto_generate_vlan_name is enabled for CampusVN2-IPPool
Validated standard pool attributes for CampusVN2-IPPool
| PASS |
------------------------------------------------------------------------------
Validate GuestVN2-IPPool                                              Extracted Gateway Entry: {'id': '64456756-64ce-4a2a-b2bf-27e188463676', 'fabricId': '40f5ed97-a778-4d00-b6f1-eb3816fd476d', 'virtualNetworkName': 'Guest', 'ipPoolName': 'GuestVN2-IPPool', 'vlanName': '192_168_201_0-Guest', 'vlanId': 1021, 'trafficType': 'DATA', 'isCriticalPool': False, 'isLayer2FloodingEnabled': False, 'isWirelessPool': False, 'isIpDirectedBroadcast': False, 'isIntraSubnetRoutingEnabled': False, 'isMultipleIpToMacAddresses': False, 'isSupplicantBasedExtendedNodeOnboarding': False, 'isGroupBasedPolicyEnforcementEnabled': True}
Skipping VLAN name validation as auto_generate_vlan_name is enabled for GuestVN2-IPPool
Validated standard pool attributes for GuestVN2-IPPool
| PASS |
------------------------------------------------------------------------------
Validate BYOD2-IPPool                                                 Extracted Gateway Entry: {'id': 'fb89adae-bc25-417e-8ec4-5499580af177', 'fabricId': '40f5ed97-a778-4d00-b6f1-eb3816fd476d', 'virtualNetworkName': 'BYOD', 'ipPoolName': 'BYOD2-IPPool', 'vlanName': '192_168_203_0-BYOD', 'vlanId': 1022, 'trafficType': 'DATA', 'isCriticalPool': False, 'isLayer2FloodingEnabled': False, 'isWirelessPool': False, 'isIpDirectedBroadcast': False, 'isIntraSubnetRoutingEnabled': False, 'isMultipleIpToMacAddresses': False, 'isSupplicantBasedExtendedNodeOnboarding': False, 'isGroupBasedPolicyEnforcementEnabled': True}
Skipping VLAN name validation as auto_generate_vlan_name is enabled for BYOD2-IPPool
Validated standard pool attributes for BYOD2-IPPool
| PASS |
------------------------------------------------------------------------------
Validate PrintersVN2-IPPool                                           Extracted Gateway Entry: {'id': '8c81dd63-26f5-4fe6-8e6b-1b66431a2463', 'fabricId': '40f5ed97-a778-4d00-b6f1-eb3816fd476d', 'virtualNetworkName': 'Printers', 'ipPoolName': 'PrintersVN2-IPPool', 'vlanName': '192_168_202_0-Printers', 'vlanId': 1024, 'trafficType': 'DATA', 'isCriticalPool': False, 'isLayer2FloodingEnabled': False, 'isWirelessPool': False, 'isIpDirectedBroadcast': False, 'isIntraSubnetRoutingEnabled': False, 'isMultipleIpToMacAddresses': False, 'isSupplicantBasedExtendedNodeOnboarding': False, 'isGroupBasedPolicyEnforcementEnabled': True}
Skipping VLAN name validation as auto_generate_vlan_name is enabled for PrintersVN2-IPPool
Validated standard pool attributes for PrintersVN2-IPPool
| PASS |
------------------------------------------------------------------------------
Out.Robot.Config.Fabric.Anycast Gateways :: Verify Anycast Gateway... | PASS |
12 tests, 12 passed, 0 failed
==============================================================================
Out.Robot.Config.Fabric                                               | PASS |
12 tests, 12 passed, 0 failed
==============================================================================
Out.Robot.Config                                                      | PASS |
12 tests, 12 passed, 0 failed
==============================================================================
Out.Robot                                                             | PASS |
12 tests, 12 passed, 0 failed
==============================================================================
Out                                                                   | PASS |
12 tests, 12 passed, 0 failed
==============================================================================
Output:  /Users/oboehmer/Documents/DD/nac-test/workspace/catc/out/pabot_results/1/output.xml
