==============================================================================
Nac Tmp Sxlajtj3
==============================================================================
Nac Tmp Sxlajtj3.Suite 1
==============================================================================
Nac Tmp Sxlajtj3.Suite 1.Disabled-Concurrent :: Test with Test Concurrency ...
==============================================================================
Disabled Concurrent Test 1                                            | PASS |
------------------------------------------------------------------------------
Disabled Concurrent Test 2                                            | PASS |
------------------------------------------------------------------------------
Nac Tmp Sxlajtj3.Suite 1.Disabled-Concurrent :: Test with Test Con... | PASS |
2 tests, 2 passed, 0 failed
==============================================================================
Nac Tmp Sxlajtj3.Suite 1                                              | PASS |
2 tests, 2 passed, 0 failed
==============================================================================
Nac Tmp Sxlajtj3                                                      | PASS |
2 tests, 2 passed, 0 failed
==============================================================================
Output:  /Users/oboehmer/Documents/DD/nac-test/__nac_tmp_sxlajtj3/pabot_results/9/output.xml
