2026-03-17 20:30:17.869275 ==============================================================================
2026-03-17 20:30:17.875527 Nac Tmp Sxlajtj3
2026-03-17 20:30:17.875576 ==============================================================================
2026-03-17 20:30:17.875625 Nac Tmp Sxlajtj3.Suite 1
2026-03-17 20:30:17.875833 ==============================================================================
2026-03-17 20:30:17.875853 Nac Tmp Sxlajtj3.Suite 1.Disabled-Concurrent :: Test with Test Concurrency ...
2026-03-17 20:30:17.876149 ==============================================================================
2026-03-17 20:30:17.876165 Disabled Concurrent Test 1                                            | PASS |
2026-03-17 20:30:17.876751 ------------------------------------------------------------------------------
2026-03-17 20:30:17.876784 Disabled Concurrent Test 2                                            | PASS |
2026-03-17 20:30:17.877163 ------------------------------------------------------------------------------
2026-03-17 20:30:17.877201 Nac Tmp Sxlajtj3.Suite 1.Disabled-Concurrent :: Test with Test Con... | PASS |
2026-03-17 20:30:17.877275 2 tests, 2 passed, 0 failed
2026-03-17 20:30:17.877302 ==============================================================================
2026-03-17 20:30:17.877338 Nac Tmp Sxlajtj3.Suite 1                                              | PASS |
2026-03-17 20:30:17.877362 2 tests, 2 passed, 0 failed
2026-03-17 20:30:17.877390 ==============================================================================
2026-03-17 20:30:17.877444 Nac Tmp Sxlajtj3                                                      | PASS |
2026-03-17 20:30:17.877479 2 tests, 2 passed, 0 failed
2026-03-17 20:30:17.877499 ==============================================================================
2026-03-17 20:30:17.877513 Output:  /Users/oboehmer/Documents/DD/nac-test/__nac_tmp_sxlajtj3/pabot_results/9/output.xml
