==============================================================================
Out2                                                                          
==============================================================================
Out2.Robot                                                                    
==============================================================================
Out2.Robot.Config                                                             
==============================================================================
Out2.Robot.Config.Fail                                                        
==============================================================================
Fail a test                                                             
  Traceback (most recent call last):
    ~~~~~~~~~~~~~~~~~~~~~~~~~~~~~~~~~~~~~~~~~~~~~~~~~~~~~~~~~~~~~~~~~~~~~~~~~~
    File  /Users/oboehmer/Documents/DD/nac-test/workspace/catc/out2/robot/config/fail.robot:2
    T:  Fail a test    
    ~~~~~~~~~~~~~~~~~~~~~~~~~~~~~~~~~~~~~~~~~~~~~~~~~~~~~~~~~~~~~~~~~~~~~~~~~~
    File  /Users/oboehmer/Documents/DD/nac-test/workspace/catc/out2/robot/config/fail.robot:3
      Fail    This test is designed to fail.
______________________________________________________________________________
| FAIL |
This test is designed to fail.
------------------------------------------------------------------------------
Out2.Robot.Config.Fail                                                | FAIL |
1 test, 0 passed, 1 failed
==============================================================================
Out2.Robot.Config                                                     | FAIL |
1 test, 0 passed, 1 failed
==============================================================================
Out2.Robot                                                            | FAIL |
1 test, 0 passed, 1 failed
==============================================================================
Out2                                                                  | FAIL |
1 test, 0 passed, 1 failed
==============================================================================
Output:  /Users/oboehmer/Documents/DD/nac-test/workspace/catc/out2/pabot_results/1/output.xml
