==============================================================================
Output                                                                        
==============================================================================
Output.Tests                                                                  
==============================================================================
Output.Tests.Config                                                           
==============================================================================
Output.Tests.Config.Test                                                      
==============================================================================
Robot Test sd-dc-c8kv-01                                              | PASS |
------------------------------------------------------------------------------
Robot Test sd-dc-c8kv-02                                              | PASS |
------------------------------------------------------------------------------
Output.Tests.Config.Test                                              | PASS |
2 tests, 2 passed, 0 failed
==============================================================================
Output.Tests.Config                                                   | PASS |
2 tests, 2 passed, 0 failed
==============================================================================
Output.Tests                                                          | PASS |
2 tests, 2 passed, 0 failed
==============================================================================
Output                                                                | PASS |
2 tests, 2 passed, 0 failed
==============================================================================
Output:  /private/var/folders/_f/vfw2shn13kqfdqskxs8s70qh0000gn/T/pytest-of-oboehmer/pytest-457/test_combined_reporting_happy_0/output/robot_results/output.xml
