==============================================================================
Out                                                                           
==============================================================================
Out.Robot                                                                     
==============================================================================
Out.Robot.Config                                                              
==============================================================================
Out.Robot.Config.Fabric                                                       
==============================================================================
Out.Robot.Config.Fabric.Multicast :: Verify Fabric Multicast Configurations...
==============================================================================
Get Fabric Sites Data                                                 | PASS |
------------------------------------------------------------------------------
Out.Robot.Config.Fabric.Multicast :: Verify Fabric Multicast Confi... | PASS |
1 test, 1 passed, 0 failed
==============================================================================
Out.Robot.Config.Fabric                                               | PASS |
1 test, 1 passed, 0 failed
==============================================================================
Out.Robot.Config                                                      | PASS |
1 test, 1 passed, 0 failed
==============================================================================
Out.Robot                                                             | PASS |
1 test, 1 passed, 0 failed
==============================================================================
Out                                                                   | PASS |
1 test, 1 passed, 0 failed
==============================================================================
Output:  /Users/oboehmer/Documents/DD/nac-test/workspace/catc/out/pabot_results/9/output.xml
