==============================================================================
Out3                                                                          
==============================================================================
Out3.Config                                                                   
==============================================================================
Out3.Config.Fabric                                                            
==============================================================================
Out3.Config.Fabric.Fabric Zones :: Verify Fabric Zones Configuration          
==============================================================================
Get Fabric Zones                                                      | PASS |
------------------------------------------------------------------------------
Out3.Config.Fabric.Fabric Zones :: Verify Fabric Zones Configuration  | PASS |
1 test, 1 passed, 0 failed
==============================================================================
Out3.Config.Fabric                                                    | PASS |
1 test, 1 passed, 0 failed
==============================================================================
Out3.Config                                                           | PASS |
1 test, 1 passed, 0 failed
==============================================================================
Out3                                                                  | PASS |
1 test, 1 passed, 0 failed
==============================================================================
Output:  /Users/oboehmer/Documents/DD/nac-test/workspace/catc/out3/pabot_results/5/output.xml
