==============================================================================
Out                                                                           
==============================================================================
Out.Tests                                                                     
==============================================================================
Out.Tests.Robot                                                               
==============================================================================
Out.Tests.Robot.Config                                                        
==============================================================================
Out.Tests.Robot.Config.Fabric                                                 
==============================================================================
Out.Tests.Robot.Config.Fabric.Authentication Templates :: Verify Authentica...
==============================================================================
Get Fabric Zones                                                      | PASS |
------------------------------------------------------------------------------
Get Authentication Profiles                                           | PASS |
------------------------------------------------------------------------------
Verify Authentication Template for Fabric Site Global/Poland/Krakow   Validating authentication template data model values for fabric site Global/Poland/Krakow
No authentication template configured for fabric site Global/Poland/Krakow - test passed
Authentication template validation completed for fabric site Global/Poland/Krakow
| PASS |
------------------------------------------------------------------------------
Verify Authentication Template for Fabric Site Global/Poland/Warsaw   Validating authentication template data model values for fabric site Global/Poland/Warsaw
Found authentication profile: Closed Authentication
Authentication template data model validation completed for fabric site Global/Poland/Warsaw
| PASS |
------------------------------------------------------------------------------
Out.Tests.Robot.Config.Fabric.Authentication Templates :: Verify A... | PASS |
4 tests, 4 passed, 0 failed
==============================================================================
Out.Tests.Robot.Config.Fabric                                         | PASS |
4 tests, 4 passed, 0 failed
==============================================================================
Out.Tests.Robot.Config                                                | PASS |
4 tests, 4 passed, 0 failed
==============================================================================
Out.Tests.Robot                                                       | PASS |
4 tests, 4 passed, 0 failed
==============================================================================
Out.Tests                                                             | PASS |
4 tests, 4 passed, 0 failed
==============================================================================
Out                                                                   | PASS |
4 tests, 4 passed, 0 failed
==============================================================================
Output:  /Users/oboehmer/Documents/DD/nac-test/workspace/catc/out/pabot_results/13/output.xml
