2026-02-20 17:01:07.907676 ==============================================================================
2026-02-20 17:01:07.961671 Config
2026-02-20 17:01:07.961694 ==============================================================================
2026-02-20 17:01:07.961706 Config.Test :: Robot Framework test that always passes
2026-02-20 17:01:07.961968 ==============================================================================
2026-02-20 17:01:07.961986 Robot Test sd-dc-c8kv-01 Passes :: Test for device sd-dc-c8kv-01 -... | PASS |
2026-02-20 17:01:07.962739 ------------------------------------------------------------------------------
2026-02-20 17:01:07.962756 Robot Test sd-dc-c8kv-02 Passes :: Test for device sd-dc-c8kv-02 -... | PASS |
2026-02-20 17:01:07.963157 ------------------------------------------------------------------------------
2026-02-20 17:01:07.963167 Robot Test sd-dc-c8kv-03 Passes :: Test for device sd-dc-c8kv-03 -... | PASS |
2026-02-20 17:01:07.963539 ------------------------------------------------------------------------------
2026-02-20 17:01:07.963549 Robot Test sd-dc-c8kv-04 Passes :: Test for device sd-dc-c8kv-04 -... | PASS |
2026-02-20 17:01:07.963900 ------------------------------------------------------------------------------
2026-02-20 17:01:07.963909 Failing Tests
2026-02-20 17:01:07.964242   Traceback (most recent call last):
2026-02-20 17:01:07.964251     ~~~~~~~~~~~~~~~~~~~~~~~~~~~~~~~~~~~~~~~~~~~~~~~~~~~~~~~~~~~~~~~~~~~~~~~~~~
2026-02-20 17:01:07.964260     File  /Users/oboehmer/Documents/DD/nac-test/workspace/scale/results/config/test.robot:26
2026-02-20 17:01:07.964269     T:  Failing Tests
2026-02-20 17:01:07.964276     ~~~~~~~~~~~~~~~~~~~~~~~~~~~~~~~~~~~~~~~~~~~~~~~~~~~~~~~~~~~~~~~~~~~~~~~~~~
2026-02-20 17:01:07.964284     File  /Users/oboehmer/Documents/DD/nac-test/workspace/scale/results/config/test.robot:27
2026-02-20 17:01:07.964293       Fail    this test is meant to fail
2026-02-20 17:01:07.964300 ______________________________________________________________________________
2026-02-20 17:01:07.964320 | FAIL |
2026-02-20 17:01:07.964336 this test is meant to fail
2026-02-20 17:01:07.964358 ------------------------------------------------------------------------------
2026-02-20 17:01:07.964371 Config.Test :: Robot Framework test that always passes                | FAIL |
2026-02-20 17:01:07.964450 5 tests, 4 passed, 1 failed
2026-02-20 17:01:07.964459 ==============================================================================
2026-02-20 17:01:07.964468 Config                                                                | FAIL |
2026-02-20 17:01:07.964574 5 tests, 4 passed, 1 failed
2026-02-20 17:01:07.964583 ==============================================================================
2026-02-20 17:01:07.964591 Output:  /Users/oboehmer/Documents/DD/nac-test/workspace/scale/pabot_results/0/output.xml
