[INFO]    Initialized logging in /Users/oboehmer/Documents/DD/nac-test/workspace/sdwan/results/pabot_results
[INFO]    Robot Framework remote server at 127.0.0.1:56477 started.
[DEBUG]   Storing .pabotsuitenames file
[DEBUG]   2026-03-11 12:16:31.179985 [PID:43573] [0] [ID:0] EXECUTING Results.Api.Test
[DEBUG]   2026-03-11 12:16:31.181028 [PID:43574] [1] [ID:1] EXECUTING Results.Test
[INFO]    2026-03-11 12:16:31.496306 [PID:43574] [1] [ID:1] PASSED Results.Test in 0.3 seconds
[INFO]    2026-03-11 12:16:31.496421 [PID:43573] [0] [ID:0] PASSED Results.Api.Test in 0.3 seconds
[INFO]    2 tests, 2 passed, 0 failed, 0 skipped.
[INFO]    ===================================================
[INFO]    Output:  /Users/oboehmer/Documents/DD/nac-test/workspace/sdwan/results/robot_results/output.xml
[INFO]    XUnit:   /Users/oboehmer/Documents/DD/nac-test/workspace/sdwan/results/robot_results/xunit.xml
[INFO]    Log:     /Users/oboehmer/Documents/DD/nac-test/workspace/sdwan/results/robot_results/log.html
[INFO]    Report:  /Users/oboehmer/Documents/DD/nac-test/workspace/sdwan/results/robot_results/report.html
[DEBUG]   Finalizing Pabot execution...
[DEBUG]   Stopping PabotLib process
[INFO]    Robot Framework remote server at 127.0.0.1:56477 stopped.
[DEBUG]   PabotLib process stopped
[INFO]    Total testing: 0.60 seconds
[INFO]    Elapsed time:  0.86 seconds
[DEBUG]   Logs flushed successfully.
