==============================================================================
Out                                                                           
==============================================================================
Out.Robot                                                                     
==============================================================================
Out.Robot.Config                                                              
==============================================================================
Out.Robot.Config.Fabric                                                       
==============================================================================
Out.Robot.Config.Fabric.Extranet :: Verify Fabric Extranet Policies in Cata...
==============================================================================
Get Extranet Policies                                                 | PASS |
------------------------------------------------------------------------------
Get Fabric Sites Data                                                 | PASS |
------------------------------------------------------------------------------
Out.Robot.Config.Fabric.Extranet :: Verify Fabric Extranet Policie... | PASS |
2 tests, 2 passed, 0 failed
==============================================================================
Out.Robot.Config.Fabric                                               | PASS |
2 tests, 2 passed, 0 failed
==============================================================================
Out.Robot.Config                                                      | PASS |
2 tests, 2 passed, 0 failed
==============================================================================
Out.Robot                                                             | PASS |
2 tests, 2 passed, 0 failed
==============================================================================
Out                                                                   | PASS |
2 tests, 2 passed, 0 failed
==============================================================================
Output:  /Users/oboehmer/Documents/DD/nac-test/workspace/catc/out/pabot_results/3/output.xml
