==============================================================================
Out                                                                           
==============================================================================
Out.Tests                                                                     
==============================================================================
Out.Tests.Robot                                                               
==============================================================================
Out.Tests.Robot.Config                                                        
==============================================================================
Out.Tests.Robot.Config.Fabric                                                 
==============================================================================
Out.Tests.Robot.Config.Fabric.Multicast :: Verify Fabric Multicast Configur...
==============================================================================
Get Fabric Sites Data                                                 | PASS |
------------------------------------------------------------------------------
Out.Tests.Robot.Config.Fabric.Multicast :: Verify Fabric Multicast... | PASS |
1 test, 1 passed, 0 failed
==============================================================================
Out.Tests.Robot.Config.Fabric                                         | PASS |
1 test, 1 passed, 0 failed
==============================================================================
Out.Tests.Robot.Config                                                | PASS |
1 test, 1 passed, 0 failed
==============================================================================
Out.Tests.Robot                                                       | PASS |
1 test, 1 passed, 0 failed
==============================================================================
Out.Tests                                                             | PASS |
1 test, 1 passed, 0 failed
==============================================================================
Out                                                                   | PASS |
1 test, 1 passed, 0 failed
==============================================================================
Output:  /Users/oboehmer/Documents/DD/nac-test/workspace/catc/out/pabot_results/20/output.xml
