==============================================================================
Out                                                                           
==============================================================================
Out.Tests                                                                     
==============================================================================
Out.Tests.Robot                                                               
==============================================================================
Out.Tests.Robot.Config                                                        
==============================================================================
Out.Tests.Robot.Config.Fabric                                                 
==============================================================================
Out.Tests.Robot.Config.Fabric.Extranet :: Verify Fabric Extranet Policies i...
==============================================================================
Get Extranet Policies                                                 | PASS |
------------------------------------------------------------------------------
Get Fabric Sites Data                                                 | PASS |
------------------------------------------------------------------------------
Out.Tests.Robot.Config.Fabric.Extranet :: Verify Fabric Extranet P... | PASS |
2 tests, 2 passed, 0 failed
==============================================================================
Out.Tests.Robot.Config.Fabric                                         | PASS |
2 tests, 2 passed, 0 failed
==============================================================================
Out.Tests.Robot.Config                                                | PASS |
2 tests, 2 passed, 0 failed
==============================================================================
Out.Tests.Robot                                                       | PASS |
2 tests, 2 passed, 0 failed
==============================================================================
Out.Tests                                                             | PASS |
2 tests, 2 passed, 0 failed
==============================================================================
Out                                                                   | PASS |
2 tests, 2 passed, 0 failed
==============================================================================
Output:  /Users/oboehmer/Documents/DD/nac-test/workspace/catc/out/pabot_results/14/output.xml
