==============================================================================
Out                                                                           
==============================================================================
Out.Tests                                                                     
==============================================================================
Out.Tests.Robot                                                               
==============================================================================
Out.Tests.Robot.Config                                                        
==============================================================================
Out.Tests.Robot.Config.Fabric                                                 
==============================================================================
Out.Tests.Robot.Config.Fabric.Fabric Zones :: Verify Fabric Zones Configura...
==============================================================================
Get Fabric Zones                                                      | PASS |
------------------------------------------------------------------------------
Out.Tests.Robot.Config.Fabric.Fabric Zones :: Verify Fabric Zones ... | PASS |
1 test, 1 passed, 0 failed
==============================================================================
Out.Tests.Robot.Config.Fabric                                         | PASS |
1 test, 1 passed, 0 failed
==============================================================================
Out.Tests.Robot.Config                                                | PASS |
1 test, 1 passed, 0 failed
==============================================================================
Out.Tests.Robot                                                       | PASS |
1 test, 1 passed, 0 failed
==============================================================================
Out.Tests                                                             | PASS |
1 test, 1 passed, 0 failed
==============================================================================
Out                                                                   | PASS |
1 test, 1 passed, 0 failed
==============================================================================
Output:  /Users/oboehmer/Documents/DD/nac-test/workspace/catc/out/pabot_results/16/output.xml
