==============================================================================
Out3                                                                          
==============================================================================
Out3.Config                                                                   
==============================================================================
Out3.Config.Fabric                                                            
==============================================================================
Out3.Config.Fabric.Multicast :: Verify Fabric Multicast Configurations in C...
==============================================================================
Get Fabric Sites Data                                                 | PASS |
------------------------------------------------------------------------------
Out3.Config.Fabric.Multicast :: Verify Fabric Multicast Configurat... | PASS |
1 test, 1 passed, 0 failed
==============================================================================
Out3.Config.Fabric                                                    | PASS |
1 test, 1 passed, 0 failed
==============================================================================
Out3.Config                                                           | PASS |
1 test, 1 passed, 0 failed
==============================================================================
Out3                                                                  | PASS |
1 test, 1 passed, 0 failed
==============================================================================
Output:  /Users/oboehmer/Documents/DD/nac-test/workspace/catc/out3/pabot_results/9/output.xml
