==============================================================================
Out                                                                           
==============================================================================
Out.Robot                                                                     
==============================================================================
Out.Robot.Config                                                              
==============================================================================
Out.Robot.Config.Fabric                                                       
==============================================================================
Out.Robot.Config.Fabric.Authentication Templates :: Verify Authentication T...
==============================================================================
Get Fabric Zones                                                      | PASS |
------------------------------------------------------------------------------
Get Authentication Profiles                                           | PASS |
------------------------------------------------------------------------------
Verify Authentication Template for Fabric Site Global/Poland/Krakow   Validating authentication template data model values for fabric site Global/Poland/Krakow
No authentication template configured for fabric site Global/Poland/Krakow - test passed
Authentication template validation completed for fabric site Global/Poland/Krakow
| PASS |
------------------------------------------------------------------------------
Verify Authentication Template for Fabric Site Global/Poland/Warsaw   Validating authentication template data model values for fabric site Global/Poland/Warsaw
Found authentication profile: Closed Authentication
Authentication template data model validation completed for fabric site Global/Poland/Warsaw
| PASS |
------------------------------------------------------------------------------
Out.Robot.Config.Fabric.Authentication Templates :: Verify Authent... | PASS |
4 tests, 4 passed, 0 failed
==============================================================================
Out.Robot.Config.Fabric                                               | PASS |
4 tests, 4 passed, 0 failed
==============================================================================
Out.Robot.Config                                                      | PASS |
4 tests, 4 passed, 0 failed
==============================================================================
Out.Robot                                                             | PASS |
4 tests, 4 passed, 0 failed
==============================================================================
Out                                                                   | PASS |
4 tests, 4 passed, 0 failed
==============================================================================
Output:  /Users/oboehmer/Documents/DD/nac-test/workspace/catc/out/pabot_results/2/output.xml
