==============================================================================
Nac Tmp Sxlajtj3
==============================================================================
Nac Tmp Sxlajtj3.Suite 1
==============================================================================
Nac Tmp Sxlajtj3.Suite 1.Non-Concurrent :: Suite not yet refactored
==============================================================================
Sequential Test 1                                                     | PASS |
------------------------------------------------------------------------------
Sequential Test 2                                                     | PASS |
------------------------------------------------------------------------------
Nac Tmp Sxlajtj3.Suite 1.Non-Concurrent :: Suite not yet refactored   | PASS |
2 tests, 2 passed, 0 failed
==============================================================================
Nac Tmp Sxlajtj3.Suite 1                                              | PASS |
2 tests, 2 passed, 0 failed
==============================================================================
Nac Tmp Sxlajtj3                                                      | PASS |
2 tests, 2 passed, 0 failed
==============================================================================
Output:  /Users/oboehmer/Documents/DD/nac-test/__nac_tmp_sxlajtj3/pabot_results/14/output.xml
