2026-03-17 20:30:17.903172 ==============================================================================
2026-03-17 20:30:17.928803 Nac Tmp Sxlajtj3
2026-03-17 20:30:17.928850 ==============================================================================
2026-03-17 20:30:17.928866 Nac Tmp Sxlajtj3.Suite 1
2026-03-17 20:30:17.928877 ==============================================================================
2026-03-17 20:30:17.928888 Nac Tmp Sxlajtj3.Suite 1.Non-Concurrent :: Suite not yet refactored
2026-03-17 20:30:17.928900 ==============================================================================
2026-03-17 20:30:17.928913 Sequential Test 1                                                     | PASS |
2026-03-17 20:30:17.928925 ------------------------------------------------------------------------------
2026-03-17 20:30:17.928935 Sequential Test 2                                                     | PASS |
2026-03-17 20:30:17.928945 ------------------------------------------------------------------------------
2026-03-17 20:30:17.928954 Nac Tmp Sxlajtj3.Suite 1.Non-Concurrent :: Suite not yet refactored   | PASS |
2026-03-17 20:30:17.928962 2 tests, 2 passed, 0 failed
2026-03-17 20:30:17.928971 ==============================================================================
2026-03-17 20:30:17.928980 Nac Tmp Sxlajtj3.Suite 1                                              | PASS |
2026-03-17 20:30:17.928989 2 tests, 2 passed, 0 failed
2026-03-17 20:30:17.929000 ==============================================================================
2026-03-17 20:30:17.929039 Nac Tmp Sxlajtj3                                                      | PASS |
2026-03-17 20:30:17.929108 2 tests, 2 passed, 0 failed
2026-03-17 20:30:17.929155 ==============================================================================
2026-03-17 20:30:17.929188 Output:  /Users/oboehmer/Documents/DD/nac-test/__nac_tmp_sxlajtj3/pabot_results/14/output.xml
